2024-06-30 12:59:29.295 [main] INFO  c.wuyonghua.wyhblog.web.WyhblogWebApplicationTests - Starting WyhblogWebApplicationTests using Java 1.8.0_152 on wuyonghua_98 with PID 19008 (started by 86156 in D:\LearnResources\Weblog\wyhblog-springboot\wyhblog-web)
2024-06-30 12:59:29.304 [main] INFO  c.wuyonghua.wyhblog.web.WyhblogWebApplicationTests - The following profiles are active: prod
2024-06-30 12:59:30.304 [main] INFO  c.wuyonghua.wyhblog.web.WyhblogWebApplicationTests - Started WyhblogWebApplicationTests in 1.318 seconds (JVM running for 2.179)
2024-06-30 12:59:30.534 [main] INFO  c.wuyonghua.wyhblog.web.WyhblogWebApplicationTests - 这是一行 Info 级别日志
2024-06-30 12:59:30.534 [main] WARN  c.wuyonghua.wyhblog.web.WyhblogWebApplicationTests - 这是一行 Warn 级别日志
2024-06-30 12:59:30.534 [main] ERROR c.wuyonghua.wyhblog.web.WyhblogWebApplicationTests - 这是一行 Error 级别日志
2024-06-30 12:59:30.534 [main] INFO  c.wuyonghua.wyhblog.web.WyhblogWebApplicationTests - 这是一行带有占位符日志，作者：吴勇华
2024-06-30 14:26:39.682 [main] INFO  com.wuyonghua.wyhblog.WyhblogWebApplication - Starting WyhblogWebApplication using Java 1.8.0_152 on wuyonghua_98 with PID 18864 (D:\LearnResources\Weblog\wyhblog-springboot\wyhblog-web\target\classes started by 86156 in D:\LearnResources\Weblog\wyhblog-springboot)
2024-06-30 14:26:39.684 [main] INFO  com.wuyonghua.wyhblog.WyhblogWebApplication - The following profiles are active: prod
2024-06-30 14:26:40.244 [main] INFO  o.s.boot.web.embedded.tomcat.TomcatWebServer - Tomcat initialized with port(s): 8080 (http)
2024-06-30 14:26:40.244 [main] INFO  org.apache.catalina.core.AprLifecycleListener - Loaded Apache Tomcat Native library [1.2.35] using APR version [1.7.0].
2024-06-30 14:26:40.244 [main] INFO  org.apache.catalina.core.AprLifecycleListener - APR capabilities: IPv6 [true], sendfile [true], accept filters [false], random [true], UDS [true].
2024-06-30 14:26:40.244 [main] INFO  org.apache.catalina.core.AprLifecycleListener - APR/OpenSSL configuration: useAprConnector [false], useOpenSSL [true]
2024-06-30 14:26:40.247 [main] INFO  org.apache.catalina.core.AprLifecycleListener - OpenSSL successfully initialized [OpenSSL 1.1.1q  5 Jul 2022]
2024-06-30 14:26:40.252 [main] INFO  org.apache.catalina.core.StandardService - Starting service [Tomcat]
2024-06-30 14:26:40.252 [main] INFO  org.apache.catalina.core.StandardEngine - Starting Servlet engine: [Apache Tomcat/9.0.56]
2024-06-30 14:26:40.307 [main] INFO  o.a.c.core.ContainerBase.[Tomcat].[localhost].[/] - Initializing Spring embedded WebApplicationContext
2024-06-30 14:26:40.307 [main] INFO  o.s.b.w.s.c.ServletWebServerApplicationContext - Root WebApplicationContext: initialization completed in 598 ms
2024-06-30 14:26:40.503 [main] INFO  o.s.boot.web.embedded.tomcat.TomcatWebServer - Tomcat started on port(s): 8080 (http) with context path ''
2024-06-30 14:26:40.508 [main] INFO  com.wuyonghua.wyhblog.WyhblogWebApplication - Started WyhblogWebApplication in 1.113 seconds (JVM running for 1.859)
2024-06-30 14:27:27.836 [main] INFO  com.wuyonghua.wyhblog.WyhblogWebApplication - Starting WyhblogWebApplication using Java 1.8.0_152 on wuyonghua_98 with PID 15500 (D:\LearnResources\Weblog\wyhblog-springboot\wyhblog-web\target\classes started by 86156 in D:\LearnResources\Weblog\wyhblog-springboot)
2024-06-30 14:27:27.837 [main] INFO  com.wuyonghua.wyhblog.WyhblogWebApplication - The following profiles are active: prod
2024-06-30 14:27:28.340 [main] INFO  o.s.boot.web.embedded.tomcat.TomcatWebServer - Tomcat initialized with port(s): 8080 (http)
2024-06-30 14:27:28.340 [main] INFO  org.apache.catalina.core.AprLifecycleListener - Loaded Apache Tomcat Native library [1.2.35] using APR version [1.7.0].
2024-06-30 14:27:28.340 [main] INFO  org.apache.catalina.core.AprLifecycleListener - APR capabilities: IPv6 [true], sendfile [true], accept filters [false], random [true], UDS [true].
2024-06-30 14:27:28.340 [main] INFO  org.apache.catalina.core.AprLifecycleListener - APR/OpenSSL configuration: useAprConnector [false], useOpenSSL [true]
2024-06-30 14:27:28.342 [main] INFO  org.apache.catalina.core.AprLifecycleListener - OpenSSL successfully initialized [OpenSSL 1.1.1q  5 Jul 2022]
2024-06-30 14:27:28.346 [main] INFO  org.apache.catalina.core.StandardService - Starting service [Tomcat]
2024-06-30 14:27:28.346 [main] INFO  org.apache.catalina.core.StandardEngine - Starting Servlet engine: [Apache Tomcat/9.0.56]
2024-06-30 14:27:28.396 [main] INFO  o.a.c.core.ContainerBase.[Tomcat].[localhost].[/] - Initializing Spring embedded WebApplicationContext
2024-06-30 14:27:28.397 [main] INFO  o.s.b.w.s.c.ServletWebServerApplicationContext - Root WebApplicationContext: initialization completed in 529 ms
2024-06-30 14:27:28.586 [main] INFO  o.s.boot.web.embedded.tomcat.TomcatWebServer - Tomcat started on port(s): 8080 (http) with context path ''
2024-06-30 14:27:28.591 [main] INFO  com.wuyonghua.wyhblog.WyhblogWebApplication - Started WyhblogWebApplication in 1.017 seconds (JVM running for 1.774)
2024-06-30 14:33:11.366 [main] INFO  com.wuyonghua.wyhblog.WyhblogWebApplication - Starting WyhblogWebApplication using Java 1.8.0_152 on wuyonghua_98 with PID 27440 (D:\LearnResources\Weblog\wyhblog-springboot\wyhblog-web\target\classes started by 86156 in D:\LearnResources\Weblog\wyhblog-springboot)
2024-06-30 14:33:11.368 [main] INFO  com.wuyonghua.wyhblog.WyhblogWebApplication - The following profiles are active: prod
2024-06-30 14:33:11.894 [main] INFO  o.s.boot.web.embedded.tomcat.TomcatWebServer - Tomcat initialized with port(s): 8080 (http)
2024-06-30 14:33:11.894 [main] INFO  org.apache.catalina.core.AprLifecycleListener - Loaded Apache Tomcat Native library [1.2.35] using APR version [1.7.0].
2024-06-30 14:33:11.894 [main] INFO  org.apache.catalina.core.AprLifecycleListener - APR capabilities: IPv6 [true], sendfile [true], accept filters [false], random [true], UDS [true].
2024-06-30 14:33:11.894 [main] INFO  org.apache.catalina.core.AprLifecycleListener - APR/OpenSSL configuration: useAprConnector [false], useOpenSSL [true]
2024-06-30 14:33:11.896 [main] INFO  org.apache.catalina.core.AprLifecycleListener - OpenSSL successfully initialized [OpenSSL 1.1.1q  5 Jul 2022]
2024-06-30 14:33:11.900 [main] INFO  org.apache.catalina.core.StandardService - Starting service [Tomcat]
2024-06-30 14:33:11.900 [main] INFO  org.apache.catalina.core.StandardEngine - Starting Servlet engine: [Apache Tomcat/9.0.56]
2024-06-30 14:33:11.953 [main] INFO  o.a.c.core.ContainerBase.[Tomcat].[localhost].[/] - Initializing Spring embedded WebApplicationContext
2024-06-30 14:33:11.953 [main] INFO  o.s.b.w.s.c.ServletWebServerApplicationContext - Root WebApplicationContext: initialization completed in 560 ms
2024-06-30 14:33:12.151 [main] INFO  o.s.boot.web.embedded.tomcat.TomcatWebServer - Tomcat started on port(s): 8080 (http) with context path ''
2024-06-30 14:33:12.156 [main] INFO  com.wuyonghua.wyhblog.WyhblogWebApplication - Started WyhblogWebApplication in 1.066 seconds (JVM running for 1.823)
2024-06-30 14:35:40.555 [main] INFO  com.wuyonghua.wyhblog.WyhblogWebApplication - Starting WyhblogWebApplication using Java 1.8.0_152 on wuyonghua_98 with PID 22468 (D:\LearnResources\Weblog\wyhblog-springboot\wyhblog-web\target\classes started by 86156 in D:\LearnResources\Weblog\wyhblog-springboot)
2024-06-30 14:35:40.557 [main] INFO  com.wuyonghua.wyhblog.WyhblogWebApplication - The following profiles are active: prod
2024-06-30 14:35:41.062 [main] INFO  o.s.boot.web.embedded.tomcat.TomcatWebServer - Tomcat initialized with port(s): 8080 (http)
2024-06-30 14:35:41.062 [main] INFO  org.apache.catalina.core.AprLifecycleListener - Loaded Apache Tomcat Native library [1.2.35] using APR version [1.7.0].
2024-06-30 14:35:41.062 [main] INFO  org.apache.catalina.core.AprLifecycleListener - APR capabilities: IPv6 [true], sendfile [true], accept filters [false], random [true], UDS [true].
2024-06-30 14:35:41.062 [main] INFO  org.apache.catalina.core.AprLifecycleListener - APR/OpenSSL configuration: useAprConnector [false], useOpenSSL [true]
2024-06-30 14:35:41.064 [main] INFO  org.apache.catalina.core.AprLifecycleListener - OpenSSL successfully initialized [OpenSSL 1.1.1q  5 Jul 2022]
2024-06-30 14:35:41.069 [main] INFO  org.apache.catalina.core.StandardService - Starting service [Tomcat]
2024-06-30 14:35:41.069 [main] INFO  org.apache.catalina.core.StandardEngine - Starting Servlet engine: [Apache Tomcat/9.0.56]
2024-06-30 14:35:41.119 [main] INFO  o.a.c.core.ContainerBase.[Tomcat].[localhost].[/] - Initializing Spring embedded WebApplicationContext
2024-06-30 14:35:41.119 [main] INFO  o.s.b.w.s.c.ServletWebServerApplicationContext - Root WebApplicationContext: initialization completed in 541 ms
2024-06-30 14:35:41.309 [main] INFO  o.s.boot.web.embedded.tomcat.TomcatWebServer - Tomcat started on port(s): 8080 (http) with context path ''
2024-06-30 14:35:41.314 [main] INFO  com.wuyonghua.wyhblog.WyhblogWebApplication - Started WyhblogWebApplication in 1.004 seconds (JVM running for 1.995)
2024-06-30 14:37:12.402 [http-nio-8080-exec-2] INFO  o.a.c.core.ContainerBase.[Tomcat].[localhost].[/] - Initializing Spring DispatcherServlet 'dispatcherServlet'
2024-06-30 14:37:12.402 [http-nio-8080-exec-2] INFO  org.springframework.web.servlet.DispatcherServlet - Initializing Servlet 'dispatcherServlet'
2024-06-30 14:37:12.403 [http-nio-8080-exec-2] INFO  org.springframework.web.servlet.DispatcherServlet - Completed initialization in 0 ms
2024-06-30 14:37:12.510 [http-nio-8080-exec-2] INFO  c.w.wyhblog.common.aspect.ApiOperationLogAspect - ====== 请求开始: [测试接口], 入参: {"username":"admin","sex":1}, 请求类: TestController, 请求方法: test =================================== 
2024-06-30 14:37:12.515 [http-nio-8080-exec-2] INFO  c.w.wyhblog.common.aspect.ApiOperationLogAspect - ====== 请求结束: [测试接口], 耗时: 15ms, 出参: {"username":"admin","sex":1} =================================== 
[TraceId: ] 2024-06-30 14:40:17.696 [main] INFO  com.wuyonghua.wyhblog.WyhblogWebApplication - Starting WyhblogWebApplication using Java 1.8.0_152 on wuyonghua_98 with PID 28800 (D:\LearnResources\Weblog\wyhblog-springboot\wyhblog-web\target\classes started by 86156 in D:\LearnResources\Weblog\wyhblog-springboot)
[TraceId: ] 2024-06-30 14:40:17.699 [main] INFO  com.wuyonghua.wyhblog.WyhblogWebApplication - The following profiles are active: prod
[TraceId: ] 2024-06-30 14:40:18.229 [main] INFO  o.s.boot.web.embedded.tomcat.TomcatWebServer - Tomcat initialized with port(s): 8080 (http)
[TraceId: ] 2024-06-30 14:40:18.229 [main] INFO  org.apache.catalina.core.AprLifecycleListener - Loaded Apache Tomcat Native library [1.2.35] using APR version [1.7.0].
[TraceId: ] 2024-06-30 14:40:18.229 [main] INFO  org.apache.catalina.core.AprLifecycleListener - APR capabilities: IPv6 [true], sendfile [true], accept filters [false], random [true], UDS [true].
[TraceId: ] 2024-06-30 14:40:18.229 [main] INFO  org.apache.catalina.core.AprLifecycleListener - APR/OpenSSL configuration: useAprConnector [false], useOpenSSL [true]
[TraceId: ] 2024-06-30 14:40:18.231 [main] INFO  org.apache.catalina.core.AprLifecycleListener - OpenSSL successfully initialized [OpenSSL 1.1.1q  5 Jul 2022]
[TraceId: ] 2024-06-30 14:40:18.235 [main] INFO  org.apache.catalina.core.StandardService - Starting service [Tomcat]
[TraceId: ] 2024-06-30 14:40:18.235 [main] INFO  org.apache.catalina.core.StandardEngine - Starting Servlet engine: [Apache Tomcat/9.0.56]
[TraceId: ] 2024-06-30 14:40:18.287 [main] INFO  o.a.c.core.ContainerBase.[Tomcat].[localhost].[/] - Initializing Spring embedded WebApplicationContext
[TraceId: ] 2024-06-30 14:40:18.287 [main] INFO  o.s.b.w.s.c.ServletWebServerApplicationContext - Root WebApplicationContext: initialization completed in 562 ms
[TraceId: ] 2024-06-30 14:40:18.502 [main] INFO  o.s.boot.web.embedded.tomcat.TomcatWebServer - Tomcat started on port(s): 8080 (http) with context path ''
[TraceId: ] 2024-06-30 14:40:18.507 [main] INFO  com.wuyonghua.wyhblog.WyhblogWebApplication - Started WyhblogWebApplication in 1.107 seconds (JVM running for 1.917)
[TraceId: ] 2024-06-30 14:40:42.290 [http-nio-8080-exec-2] INFO  o.a.c.core.ContainerBase.[Tomcat].[localhost].[/] - Initializing Spring DispatcherServlet 'dispatcherServlet'
[TraceId: ] 2024-06-30 14:40:42.290 [http-nio-8080-exec-2] INFO  org.springframework.web.servlet.DispatcherServlet - Initializing Servlet 'dispatcherServlet'
[TraceId: ] 2024-06-30 14:40:42.291 [http-nio-8080-exec-2] INFO  org.springframework.web.servlet.DispatcherServlet - Completed initialization in 1 ms
[TraceId: ddd5f3c7-41a4-4e50-995f-40999331a4fc] 2024-06-30 14:40:42.383 [http-nio-8080-exec-2] INFO  c.w.wyhblog.common.aspect.ApiOperationLogAspect - ====== 请求开始: [测试接口], 入参: {"username":"admin","sex":1}, 请求类: TestController, 请求方法: test =================================== 
[TraceId: ddd5f3c7-41a4-4e50-995f-40999331a4fc] 2024-06-30 14:40:42.390 [http-nio-8080-exec-2] INFO  c.w.wyhblog.common.aspect.ApiOperationLogAspect - ====== 请求结束: [测试接口], 耗时: 16ms, 出参: {"username":"admin","sex":1} =================================== 
[TraceId: ] 2024-06-30 14:50:25.663 [http-nio-8080-exec-8] WARN  o.s.w.s.m.support.DefaultHandlerExceptionResolver - Resolved [org.springframework.web.HttpMediaTypeNotSupportedException: Content type 'text/plain;charset=UTF-8' not supported]
[TraceId: ] 2024-06-30 14:50:26.155 [http-nio-8080-exec-10] WARN  o.s.w.s.m.support.DefaultHandlerExceptionResolver - Resolved [org.springframework.web.HttpMediaTypeNotSupportedException: Content type 'text/plain;charset=UTF-8' not supported]
[TraceId: ] 2024-06-30 14:52:09.568 [http-nio-8080-exec-3] INFO  org.apache.coyote.http11.Http11Processor - Error parsing HTTP request header
 Note: further occurrences of HTTP request parsing errors will be logged at DEBUG level.
java.lang.IllegalArgumentException: Invalid character found in method name [0x160x030x030x000x930x010x000x000x8f0x030x03f0x810x000x990xb3D|0xaf?%"0xa00xf3Z0x1b0xfcUTp0x95'0xce10x870xa30xd90xdby0xf8Y0x860x8b0x000x00,0xc0#0xc0'0x00<0xc0%0xc0)0x00g0x00@0xc00x090xc00x130x00/0xc00x040xc00x0e0x0030x0020xc0+0xc0/0x000x9c0xc0-0xc010x000x9e0x000xa20x000xff0x010x000x00:0x000x0a0x000x160x000x140x000x170x000x180x000x190x000x090x000x0a0x000x0b0x000x0c0x000x0d0x000x0e0x000x160x000x0b0x000x020x010x000x000x0d0x000x160x000x140x060x030x060x010x050x030x050x010x040x030x040x010x040x020x020x030x020x010x020x02...]. HTTP method names must be tokens
	at org.apache.coyote.http11.Http11InputBuffer.parseRequestLine(Http11InputBuffer.java:419)
	at org.apache.coyote.http11.Http11Processor.service(Http11Processor.java:269)
	at org.apache.coyote.AbstractProcessorLight.process(AbstractProcessorLight.java:65)
	at org.apache.coyote.AbstractProtocol$ConnectionHandler.process(AbstractProtocol.java:895)
	at org.apache.tomcat.util.net.NioEndpoint$SocketProcessor.doRun(NioEndpoint.java:1732)
	at org.apache.tomcat.util.net.SocketProcessorBase.run(SocketProcessorBase.java:49)
	at org.apache.tomcat.util.threads.ThreadPoolExecutor.runWorker(ThreadPoolExecutor.java:1191)
	at org.apache.tomcat.util.threads.ThreadPoolExecutor$Worker.run(ThreadPoolExecutor.java:659)
	at org.apache.tomcat.util.threads.TaskThread$WrappingRunnable.run(TaskThread.java:61)
	at java.lang.Thread.run(Thread.java:748)
[TraceId: ] 2024-06-30 14:52:09.568 [http-nio-8080-exec-2] INFO  org.apache.coyote.http11.Http11Processor - Error parsing HTTP request header
 Note: further occurrences of HTTP request parsing errors will be logged at DEBUG level.
java.lang.IllegalArgumentException: Invalid character found in method name [0x160x030x030x000x930x010x000x000x8f0x030x03f0x810x000x99lEe0xd90xfdD0x990xc50x060xf9@0xd20x92u0x820xdb0x180xeb0xcf0xb80x840xa70xa3g0x18\0x910xc40x000x00,0xc0#0xc0'0x00<0xc0%0xc0)0x00g0x00@0xc00x090xc00x130x00/0xc00x040xc00x0e0x0030x0020xc0+0xc0/0x000x9c0xc0-0xc010x000x9e0x000xa20x000xff0x010x000x00:0x000x0a0x000x160x000x140x000x170x000x180x000x190x000x090x000x0a0x000x0b0x000x0c0x000x0d0x000x0e0x000x160x000x0b0x000x020x010x000x000x0d0x000x160x000x140x060x030x060x010x050x030x050x010x040x030x040x010x040x020x020x030x020x010x020x02...]. HTTP method names must be tokens
	at org.apache.coyote.http11.Http11InputBuffer.parseRequestLine(Http11InputBuffer.java:419)
	at org.apache.coyote.http11.Http11Processor.service(Http11Processor.java:269)
	at org.apache.coyote.AbstractProcessorLight.process(AbstractProcessorLight.java:65)
	at org.apache.coyote.AbstractProtocol$ConnectionHandler.process(AbstractProtocol.java:895)
	at org.apache.tomcat.util.net.NioEndpoint$SocketProcessor.doRun(NioEndpoint.java:1732)
	at org.apache.tomcat.util.net.SocketProcessorBase.run(SocketProcessorBase.java:49)
	at org.apache.tomcat.util.threads.ThreadPoolExecutor.runWorker(ThreadPoolExecutor.java:1191)
	at org.apache.tomcat.util.threads.ThreadPoolExecutor$Worker.run(ThreadPoolExecutor.java:659)
	at org.apache.tomcat.util.threads.TaskThread$WrappingRunnable.run(TaskThread.java:61)
	at java.lang.Thread.run(Thread.java:748)
